************************************begin***********************************
2015-07-26 06:15:03,730 [7988] ERROR Web.Global [(null)] - 程序发生未捕获异常
System.Web.HttpException (0x80004005): 文件不存在。
   在 System.Web.StaticFileHandler.GetFileInfo(String virtualPathWithPathInfo, String physicalPath, HttpResponse response)
   在 System.Web.StaticFileHandler.ProcessRequestInternal(HttpContext context, String overrideVirtualPath)
   在 System.Web.DefaultHttpHandler.BeginProcessRequest(HttpContext context, AsyncCallback callback, Object state)
   在 System.Web.HttpApplication.CallHandlerExecutionStep.System.Web.HttpApplication.IExecutionStep.Execute()
   在 System.Web.HttpApplication.ExecuteStep(IExecutionStep step, Boolean& completedSynchronously)
************************************begin***********************************
2015-07-26 06:15:12,284 [7988] ERROR Web.Global [(null)] - 程序发生未捕获异常
System.Web.HttpException (0x80004005): 文件不存在。
   在 System.Web.StaticFileHandler.GetFileInfo(String virtualPathWithPathInfo, String physicalPath, HttpResponse response)
   在 System.Web.StaticFileHandler.ProcessRequestInternal(HttpContext context, String overrideVirtualPath)
   在 System.Web.DefaultHttpHandler.BeginProcessRequest(HttpContext context, AsyncCallback callback, Object state)
   在 System.Web.HttpApplication.CallHandlerExecutionStep.System.Web.HttpApplication.IExecutionStep.Execute()
   在 System.Web.HttpApplication.ExecuteStep(IExecutionStep step, Boolean& completedSynchronously)
************************************begin***********************************
2015-07-26 06:16:14,153 [7988] ERROR Web.Global [(null)] - 程序发生未捕获异常
System.IndexOutOfRangeException: 无法找到表 0。
   在 System.Data.DataTableCollection.get_Item(Int32 index)
   在 Web.Server.AjaxHandler.ExecSqlHandler.ProcessRequest(HttpContext context) 位置 F:\库\Desktop\通用后台维护\SVN完整版\Web\Server\AjaxHandler\ExecSqlHandler.ashx.cs:行号 57
   在 System.Web.HttpApplication.CallHandlerExecutionStep.System.Web.HttpApplication.IExecutionStep.Execute()
   在 System.Web.HttpApplication.ExecuteStep(IExecutionStep step, Boolean& completedSynchronously)
************************************begin***********************************
2015-07-26 08:00:36,039 [5812] ERROR Web.Global [(null)] - 程序发生未捕获异常
System.Web.HttpException (0x80004005): 文件不存在。
   在 System.Web.StaticFileHandler.GetFileInfo(String virtualPathWithPathInfo, String physicalPath, HttpResponse response)
   在 System.Web.StaticFileHandler.ProcessRequestInternal(HttpContext context, String overrideVirtualPath)
   在 System.Web.DefaultHttpHandler.BeginProcessRequest(HttpContext context, AsyncCallback callback, Object state)
   在 System.Web.HttpApplication.CallHandlerExecutionStep.System.Web.HttpApplication.IExecutionStep.Execute()
   在 System.Web.HttpApplication.ExecuteStep(IExecutionStep step, Boolean& completedSynchronously)
************************************begin***********************************
2015-07-26 08:00:37,250 [5812] ERROR Web.Global [(null)] - 程序发生未捕获异常
System.Web.HttpException (0x80004005): 文件不存在。
   在 System.Web.StaticFileHandler.GetFileInfo(String virtualPathWithPathInfo, String physicalPath, HttpResponse response)
   在 System.Web.StaticFileHandler.ProcessRequestInternal(HttpContext context, String overrideVirtualPath)
   在 System.Web.DefaultHttpHandler.BeginProcessRequest(HttpContext context, AsyncCallback callback, Object state)
   在 System.Web.HttpApplication.CallHandlerExecutionStep.System.Web.HttpApplication.IExecutionStep.Execute()
   在 System.Web.HttpApplication.ExecuteStep(IExecutionStep step, Boolean& completedSynchronously)
************************************begin***********************************
2015-07-26 08:00:41,217 [7292] ERROR Web.Global [(null)] - 程序发生未捕获异常
System.Web.HttpException (0x80004005): 文件不存在。
   在 System.Web.StaticFileHandler.GetFileInfo(String virtualPathWithPathInfo, String physicalPath, HttpResponse response)
   在 System.Web.StaticFileHandler.ProcessRequestInternal(HttpContext context, String overrideVirtualPath)
   在 System.Web.DefaultHttpHandler.BeginProcessRequest(HttpContext context, AsyncCallback callback, Object state)
   在 System.Web.HttpApplication.CallHandlerExecutionStep.System.Web.HttpApplication.IExecutionStep.Execute()
   在 System.Web.HttpApplication.ExecuteStep(IExecutionStep step, Boolean& completedSynchronously)
************************************begin***********************************
2015-07-26 08:00:41,979 [5812] ERROR Web.Global [(null)] - 程序发生未捕获异常
System.Web.HttpException (0x80004005): 文件不存在。
   在 System.Web.StaticFileHandler.GetFileInfo(String virtualPathWithPathInfo, String physicalPath, HttpResponse response)
   在 System.Web.StaticFileHandler.ProcessRequestInternal(HttpContext context, String overrideVirtualPath)
   在 System.Web.DefaultHttpHandler.BeginProcessRequest(HttpContext context, AsyncCallback callback, Object state)
   在 System.Web.HttpApplication.CallHandlerExecutionStep.System.Web.HttpApplication.IExecutionStep.Execute()
   在 System.Web.HttpApplication.ExecuteStep(IExecutionStep step, Boolean& completedSynchronously)
************************************begin***********************************
2015-07-26 09:22:21,560 [7960] ERROR Web.Global [(null)] - 程序发生未捕获异常
System.Web.HttpUnhandledException (0x80004005): 引发类型为“System.Web.HttpUnhandledException”的异常。 ---> System.Data.SqlClient.SqlException (0x80131904): 列名 'TB_TABLECONFIG' 无效。
   在 zhongxia.IBatisDAO.DBUtility.DbHelperSQL.Query(String SQLString)
   在 zhongxia.IBatisDAO.IBatisDAOMSSQL.QueryBySql(String sql)
   在 BLL.SYS_SQL.initSQL() 位置 F:\库\Desktop\通用后台维护\SVN完整版\BLL\SYS_SQL.cs:行号 184
   在 BLL.SYS_SQL..ctor(String tbName) 位置 F:\库\Desktop\通用后台维护\SVN完整版\BLL\SYS_SQL.cs:行号 23
   在 Web._Default.Unnamed1_Click(Object sender, EventArgs e) 位置 F:\库\Desktop\通用后台维护\SVN完整版\Web\Default.aspx.cs:行号 30
   在 System.Web.UI.WebControls.Button.OnClick(EventArgs e)
   在 System.Web.UI.WebControls.Button.RaisePostBackEvent(String eventArgument)
   在 System.Web.UI.WebControls.Button.System.Web.UI.IPostBackEventHandler.RaisePostBackEvent(String eventArgument)
   在 System.Web.UI.Page.RaisePostBackEvent(IPostBackEventHandler sourceControl, String eventArgument)
   在 System.Web.UI.Page.RaisePostBackEvent(NameValueCollection postData)
   在 System.Web.UI.Page.ProcessRequestMain(Boolean includeStagesBeforeAsyncPoint, Boolean includeStagesAfterAsyncPoint)
ClientConnectionId:377ad72e-fb14-4f1c-83ba-d1f729b1c5c1
   在 System.Web.UI.Page.HandleError(Exception e)
   在 System.Web.UI.Page.ProcessRequestMain(Boolean includeStagesBeforeAsyncPoint, Boolean includeStagesAfterAsyncPoint)
   在 System.Web.UI.Page.ProcessRequest(Boolean includeStagesBeforeAsyncPoint, Boolean includeStagesAfterAsyncPoint)
   在 System.Web.UI.Page.ProcessRequest()
   在 System.Web.UI.Page.ProcessRequestWithNoAssert(HttpContext context)
   在 System.Web.UI.Page.ProcessRequest(HttpContext context)
   在 ASP.default_aspx.ProcessRequest(HttpContext context) 位置 c:\Windows\Microsoft.NET\Framework\v4.0.30319\Temporary ASP.NET Files\root\f1ff41eb\eada17cd\App_Web_a3sbasez.0.cs:行号 0
   在 System.Web.HttpApplication.CallHandlerExecutionStep.System.Web.HttpApplication.IExecutionStep.Execute()
   在 System.Web.HttpApplication.ExecuteStep(IExecutionStep step, Boolean& completedSynchronously)
************************************begin***********************************
2015-07-26 09:22:44,778 [7580] ERROR Web.Global [(null)] - 程序发生未捕获异常
System.Web.HttpUnhandledException (0x80004005): 引发类型为“System.Web.HttpUnhandledException”的异常。 ---> System.Data.SqlClient.SqlException (0x80131904): 列名 'TEST' 无效。
   在 zhongxia.IBatisDAO.DBUtility.DbHelperSQL.Query(String SQLString)
   在 zhongxia.IBatisDAO.IBatisDAOMSSQL.QueryBySql(String sql)
   在 BLL.SYS_SQL.initSQL() 位置 F:\库\Desktop\通用后台维护\SVN完整版\BLL\SYS_SQL.cs:行号 184
   在 BLL.SYS_SQL..ctor(String tbName) 位置 F:\库\Desktop\通用后台维护\SVN完整版\BLL\SYS_SQL.cs:行号 23
   在 Web._Default.Unnamed1_Click(Object sender, EventArgs e) 位置 F:\库\Desktop\通用后台维护\SVN完整版\Web\Default.aspx.cs:行号 30
   在 System.Web.UI.WebControls.Button.OnClick(EventArgs e)
   在 System.Web.UI.WebControls.Button.RaisePostBackEvent(String eventArgument)
   在 System.Web.UI.WebControls.Button.System.Web.UI.IPostBackEventHandler.RaisePostBackEvent(String eventArgument)
   在 System.Web.UI.Page.RaisePostBackEvent(IPostBackEventHandler sourceControl, String eventArgument)
   在 System.Web.UI.Page.RaisePostBackEvent(NameValueCollection postData)
   在 System.Web.UI.Page.ProcessRequestMain(Boolean includeStagesBeforeAsyncPoint, Boolean includeStagesAfterAsyncPoint)
ClientConnectionId:bcee5638-d7a3-42dc-9dc5-6cd5b6561757
   在 System.Web.UI.Page.HandleError(Exception e)
   在 System.Web.UI.Page.ProcessRequestMain(Boolean includeStagesBeforeAsyncPoint, Boolean includeStagesAfterAsyncPoint)
   在 System.Web.UI.Page.ProcessRequest(Boolean includeStagesBeforeAsyncPoint, Boolean includeStagesAfterAsyncPoint)
   在 System.Web.UI.Page.ProcessRequest()
   在 System.Web.UI.Page.ProcessRequestWithNoAssert(HttpContext context)
   在 System.Web.UI.Page.ProcessRequest(HttpContext context)
   在 ASP.default_aspx.ProcessRequest(HttpContext context) 位置 c:\Windows\Microsoft.NET\Framework\v4.0.30319\Temporary ASP.NET Files\root\f1ff41eb\eada17cd\App_Web_a3sbasez.0.cs:行号 0
   在 System.Web.HttpApplication.CallHandlerExecutionStep.System.Web.HttpApplication.IExecutionStep.Execute()
   在 System.Web.HttpApplication.ExecuteStep(IExecutionStep step, Boolean& completedSynchronously)
************************************begin***********************************
2015-07-26 09:24:36,313 [7960] ERROR Web.Global [(null)] - 程序发生未捕获异常
System.Web.HttpUnhandledException (0x80004005): 引发类型为“System.Web.HttpUnhandledException”的异常。 ---> System.Data.SqlClient.SqlException (0x80131904): 列名 'TEST' 无效。
   在 zhongxia.IBatisDAO.DBUtility.DbHelperSQL.Query(String SQLString)
   在 zhongxia.IBatisDAO.IBatisDAOMSSQL.QueryBySql(String sql)
   在 BLL.SYS_SQL.initSQL() 位置 F:\库\Desktop\通用后台维护\SVN完整版\BLL\SYS_SQL.cs:行号 184
   在 BLL.SYS_SQL..ctor(String tbName) 位置 F:\库\Desktop\通用后台维护\SVN完整版\BLL\SYS_SQL.cs:行号 23
   在 Web._Default.Unnamed1_Click(Object sender, EventArgs e) 位置 F:\库\Desktop\通用后台维护\SVN完整版\Web\Default.aspx.cs:行号 30
   在 System.Web.UI.WebControls.Button.OnClick(EventArgs e)
   在 System.Web.UI.WebControls.Button.RaisePostBackEvent(String eventArgument)
   在 System.Web.UI.WebControls.Button.System.Web.UI.IPostBackEventHandler.RaisePostBackEvent(String eventArgument)
   在 System.Web.UI.Page.RaisePostBackEvent(IPostBackEventHandler sourceControl, String eventArgument)
   在 System.Web.UI.Page.RaisePostBackEvent(NameValueCollection postData)
   在 System.Web.UI.Page.ProcessRequestMain(Boolean includeStagesBeforeAsyncPoint, Boolean includeStagesAfterAsyncPoint)
ClientConnectionId:2f6a9b9d-8e32-48b1-a287-2d5da22b0122
   在 System.Web.UI.Page.HandleError(Exception e)
   在 System.Web.UI.Page.ProcessRequestMain(Boolean includeStagesBeforeAsyncPoint, Boolean includeStagesAfterAsyncPoint)
   在 System.Web.UI.Page.ProcessRequest(Boolean includeStagesBeforeAsyncPoint, Boolean includeStagesAfterAsyncPoint)
   在 System.Web.UI.Page.ProcessRequest()
   在 System.Web.UI.Page.ProcessRequestWithNoAssert(HttpContext context)
   在 System.Web.UI.Page.ProcessRequest(HttpContext context)
   在 ASP.default_aspx.ProcessRequest(HttpContext context) 位置 c:\Windows\Microsoft.NET\Framework\v4.0.30319\Temporary ASP.NET Files\root\f1ff41eb\eada17cd\App_Web_l4jfs5qh.0.cs:行号 0
   在 System.Web.HttpApplication.CallHandlerExecutionStep.System.Web.HttpApplication.IExecutionStep.Execute()
   在 System.Web.HttpApplication.ExecuteStep(IExecutionStep step, Boolean& completedSynchronously)
************************************begin***********************************
2015-07-26 09:25:10,948 [9604] ERROR Web.Global [(null)] - 程序发生未捕获异常
System.Web.HttpUnhandledException (0x80004005): 引发类型为“System.Web.HttpUnhandledException”的异常。 ---> System.Data.SqlClient.SqlException (0x80131904): 列名 'TEST' 无效。
   在 zhongxia.IBatisDAO.DBUtility.DbHelperSQL.Query(String SQLString)
   在 zhongxia.IBatisDAO.IBatisDAOMSSQL.QueryBySql(String sql)
   在 BLL.SYS_SQL.initSQL() 位置 F:\库\Desktop\通用后台维护\SVN完整版\BLL\SYS_SQL.cs:行号 184
   在 BLL.SYS_SQL..ctor(String tbName) 位置 F:\库\Desktop\通用后台维护\SVN完整版\BLL\SYS_SQL.cs:行号 23
   在 Web._Default.Unnamed1_Click(Object sender, EventArgs e) 位置 F:\库\Desktop\通用后台维护\SVN完整版\Web\Default.aspx.cs:行号 30
   在 System.Web.UI.WebControls.Button.OnClick(EventArgs e)
   在 System.Web.UI.WebControls.Button.RaisePostBackEvent(String eventArgument)
   在 System.Web.UI.WebControls.Button.System.Web.UI.IPostBackEventHandler.RaisePostBackEvent(String eventArgument)
   在 System.Web.UI.Page.RaisePostBackEvent(IPostBackEventHandler sourceControl, String eventArgument)
   在 System.Web.UI.Page.RaisePostBackEvent(NameValueCollection postData)
   在 System.Web.UI.Page.ProcessRequestMain(Boolean includeStagesBeforeAsyncPoint, Boolean includeStagesAfterAsyncPoint)
ClientConnectionId:6ea45cda-edc0-4ffa-9b5c-e5abdee52558
   在 System.Web.UI.Page.HandleError(Exception e)
   在 System.Web.UI.Page.ProcessRequestMain(Boolean includeStagesBeforeAsyncPoint, Boolean includeStagesAfterAsyncPoint)
   在 System.Web.UI.Page.ProcessRequest(Boolean includeStagesBeforeAsyncPoint, Boolean includeStagesAfterAsyncPoint)
   在 System.Web.UI.Page.ProcessRequest()
   在 System.Web.UI.Page.ProcessRequestWithNoAssert(HttpContext context)
   在 System.Web.UI.Page.ProcessRequest(HttpContext context)
   在 ASP.default_aspx.ProcessRequest(HttpContext context) 位置 c:\Windows\Microsoft.NET\Framework\v4.0.30319\Temporary ASP.NET Files\root\f1ff41eb\eada17cd\App_Web_au44tgck.0.cs:行号 0
   在 System.Web.HttpApplication.CallHandlerExecutionStep.System.Web.HttpApplication.IExecutionStep.Execute()
   在 System.Web.HttpApplication.ExecuteStep(IExecutionStep step, Boolean& completedSynchronously)
************************************begin***********************************
2015-07-26 09:26:14,271 [4196] ERROR Web.Global [(null)] - 程序发生未捕获异常
System.Web.HttpUnhandledException (0x80004005): 引发类型为“System.Web.HttpUnhandledException”的异常。 ---> System.Data.SqlClient.SqlException (0x80131904): 列名 'TEST' 无效。
   在 zhongxia.IBatisDAO.DBUtility.DbHelperSQL.Query(String SQLString)
   在 zhongxia.IBatisDAO.IBatisDAOMSSQL.QueryBySql(String sql)
   在 BLL.SYS_SQL.initSQL() 位置 F:\库\Desktop\通用后台维护\SVN完整版\BLL\SYS_SQL.cs:行号 184
   在 BLL.SYS_SQL..ctor(String tbName) 位置 F:\库\Desktop\通用后台维护\SVN完整版\BLL\SYS_SQL.cs:行号 23
   在 Web._Default.Unnamed1_Click(Object sender, EventArgs e) 位置 F:\库\Desktop\通用后台维护\SVN完整版\Web\Default.aspx.cs:行号 30
   在 System.Web.UI.WebControls.Button.OnClick(EventArgs e)
   在 System.Web.UI.WebControls.Button.RaisePostBackEvent(String eventArgument)
   在 System.Web.UI.WebControls.Button.System.Web.UI.IPostBackEventHandler.RaisePostBackEvent(String eventArgument)
   在 System.Web.UI.Page.RaisePostBackEvent(IPostBackEventHandler sourceControl, String eventArgument)
   在 System.Web.UI.Page.RaisePostBackEvent(NameValueCollection postData)
   在 System.Web.UI.Page.ProcessRequestMain(Boolean includeStagesBeforeAsyncPoint, Boolean includeStagesAfterAsyncPoint)
ClientConnectionId:16030138-c490-4b94-81bf-e16c2dc4dfd9
   在 System.Web.UI.Page.HandleError(Exception e)
   在 System.Web.UI.Page.ProcessRequestMain(Boolean includeStagesBeforeAsyncPoint, Boolean includeStagesAfterAsyncPoint)
   在 System.Web.UI.Page.ProcessRequest(Boolean includeStagesBeforeAsyncPoint, Boolean includeStagesAfterAsyncPoint)
   在 System.Web.UI.Page.ProcessRequest()
   在 System.Web.UI.Page.ProcessRequestWithNoAssert(HttpContext context)
   在 System.Web.UI.Page.ProcessRequest(HttpContext context)
   在 ASP.default_aspx.ProcessRequest(HttpContext context) 位置 c:\Windows\Microsoft.NET\Framework\v4.0.30319\Temporary ASP.NET Files\root\f1ff41eb\eada17cd\App_Web_au44tgck.0.cs:行号 0
   在 System.Web.HttpApplication.CallHandlerExecutionStep.System.Web.HttpApplication.IExecutionStep.Execute()
   在 System.Web.HttpApplication.ExecuteStep(IExecutionStep step, Boolean& completedSynchronously)
************************************begin***********************************
2015-07-26 09:26:35,013 [10216] ERROR Web.Global [(null)] - 程序发生未捕获异常
System.Web.HttpUnhandledException (0x80004005): 引发类型为“System.Web.HttpUnhandledException”的异常。 ---> System.ArgumentException: 类型“System.Int16”的对象无法转换为类型“System.String”。
   在 System.RuntimeType.TryChangeType(Object value, Binder binder, CultureInfo culture, Boolean needsSpecialCast)
   在 System.RuntimeType.CheckValue(Object value, Binder binder, CultureInfo culture, BindingFlags invokeAttr)
   在 System.Reflection.MethodBase.CheckArguments(Object[] parameters, Binder binder, BindingFlags invokeAttr, CultureInfo culture, Signature sig)
   在 System.Reflection.RuntimeMethodInfo.InvokeArgumentsCheck(Object obj, BindingFlags invokeAttr, Binder binder, Object[] parameters, CultureInfo culture)
   在 System.Reflection.RuntimeMethodInfo.Invoke(Object obj, BindingFlags invokeAttr, Binder binder, Object[] parameters, CultureInfo culture)
   在 System.Reflection.RuntimePropertyInfo.SetValue(Object obj, Object value, BindingFlags invokeAttr, Binder binder, Object[] index, CultureInfo culture)
   在 System.Reflection.RuntimePropertyInfo.SetValue(Object obj, Object value, Object[] index)
   在 Common.DataTable2Model.GetModelByDataRow[T](DataRow dr) 位置 F:\库\Desktop\通用后台维护\SVN完整版\Common\DataTable2Model.cs:行号 26
   在 BLL.SYS_SQL.initSQL() 位置 F:\库\Desktop\通用后台维护\SVN完整版\BLL\SYS_SQL.cs:行号 186
   在 BLL.SYS_SQL..ctor(String tbName) 位置 F:\库\Desktop\通用后台维护\SVN完整版\BLL\SYS_SQL.cs:行号 23
   在 Web._Default.Unnamed1_Click(Object sender, EventArgs e) 位置 F:\库\Desktop\通用后台维护\SVN完整版\Web\Default.aspx.cs:行号 30
   在 System.Web.UI.WebControls.Button.OnClick(EventArgs e)
   在 System.Web.UI.WebControls.Button.RaisePostBackEvent(String eventArgument)
   在 System.Web.UI.WebControls.Button.System.Web.UI.IPostBackEventHandler.RaisePostBackEvent(String eventArgument)
   在 System.Web.UI.Page.RaisePostBackEvent(IPostBackEventHandler sourceControl, String eventArgument)
   在 System.Web.UI.Page.RaisePostBackEvent(NameValueCollection postData)
   在 System.Web.UI.Page.ProcessRequestMain(Boolean includeStagesBeforeAsyncPoint, Boolean includeStagesAfterAsyncPoint)
   在 System.Web.UI.Page.HandleError(Exception e)
   在 System.Web.UI.Page.ProcessRequestMain(Boolean includeStagesBeforeAsyncPoint, Boolean includeStagesAfterAsyncPoint)
   在 System.Web.UI.Page.ProcessRequest(Boolean includeStagesBeforeAsyncPoint, Boolean includeStagesAfterAsyncPoint)
   在 System.Web.UI.Page.ProcessRequest()
   在 System.Web.UI.Page.ProcessRequestWithNoAssert(HttpContext context)
   在 System.Web.UI.Page.ProcessRequest(HttpContext context)
   在 ASP.default_aspx.ProcessRequest(HttpContext context) 位置 c:\Windows\Microsoft.NET\Framework\v4.0.30319\Temporary ASP.NET Files\root\f1ff41eb\eada17cd\App_Web_zydrdpol.0.cs:行号 0
   在 System.Web.HttpApplication.CallHandlerExecutionStep.System.Web.HttpApplication.IExecutionStep.Execute()
   在 System.Web.HttpApplication.ExecuteStep(IExecutionStep step, Boolean& completedSynchronously)
************************************begin***********************************
2015-07-26 09:27:27,856 [7960] ERROR Web.Global [(null)] - 程序发生未捕获异常
System.Web.HttpUnhandledException (0x80004005): 引发类型为“System.Web.HttpUnhandledException”的异常。 ---> System.ArgumentException: 类型“System.Int32”的对象无法转换为类型“System.Int16”。
   在 System.RuntimeType.TryChangeType(Object value, Binder binder, CultureInfo culture, Boolean needsSpecialCast)
   在 System.RuntimeType.CheckValue(Object value, Binder binder, CultureInfo culture, BindingFlags invokeAttr)
   在 System.Reflection.MethodBase.CheckArguments(Object[] parameters, Binder binder, BindingFlags invokeAttr, CultureInfo culture, Signature sig)
   在 System.Reflection.RuntimeMethodInfo.InvokeArgumentsCheck(Object obj, BindingFlags invokeAttr, Binder binder, Object[] parameters, CultureInfo culture)
   在 System.Reflection.RuntimeMethodInfo.Invoke(Object obj, BindingFlags invokeAttr, Binder binder, Object[] parameters, CultureInfo culture)
   在 System.Reflection.RuntimePropertyInfo.SetValue(Object obj, Object value, BindingFlags invokeAttr, Binder binder, Object[] index, CultureInfo culture)
   在 System.Reflection.RuntimePropertyInfo.SetValue(Object obj, Object value, Object[] index)
   在 Common.DataTable2Model.GetModelByDataRow[T](DataRow dr) 位置 F:\库\Desktop\通用后台维护\SVN完整版\Common\DataTable2Model.cs:行号 26
   在 BLL.SYS_SQL.initSQL() 位置 F:\库\Desktop\通用后台维护\SVN完整版\BLL\SYS_SQL.cs:行号 186
   在 BLL.SYS_SQL..ctor(String tbName) 位置 F:\库\Desktop\通用后台维护\SVN完整版\BLL\SYS_SQL.cs:行号 23
   在 Web._Default.Unnamed1_Click(Object sender, EventArgs e) 位置 F:\库\Desktop\通用后台维护\SVN完整版\Web\Default.aspx.cs:行号 30
   在 System.Web.UI.WebControls.Button.OnClick(EventArgs e)
   在 System.Web.UI.WebControls.Button.RaisePostBackEvent(String eventArgument)
   在 System.Web.UI.WebControls.Button.System.Web.UI.IPostBackEventHandler.RaisePostBackEvent(String eventArgument)
   在 System.Web.UI.Page.RaisePostBackEvent(IPostBackEventHandler sourceControl, String eventArgument)
   在 System.Web.UI.Page.RaisePostBackEvent(NameValueCollection postData)
   在 System.Web.UI.Page.ProcessRequestMain(Boolean includeStagesBeforeAsyncPoint, Boolean includeStagesAfterAsyncPoint)
   在 System.Web.UI.Page.HandleError(Exception e)
   在 System.Web.UI.Page.ProcessRequestMain(Boolean includeStagesBeforeAsyncPoint, Boolean includeStagesAfterAsyncPoint)
   在 System.Web.UI.Page.ProcessRequest(Boolean includeStagesBeforeAsyncPoint, Boolean includeStagesAfterAsyncPoint)
   在 System.Web.UI.Page.ProcessRequest()
   在 System.Web.UI.Page.ProcessRequestWithNoAssert(HttpContext context)
   在 System.Web.UI.Page.ProcessRequest(HttpContext context)
   在 ASP.default_aspx.ProcessRequest(HttpContext context) 位置 c:\Windows\Microsoft.NET\Framework\v4.0.30319\Temporary ASP.NET Files\root\f1ff41eb\eada17cd\App_Web_o0yvfcol.0.cs:行号 0
   在 System.Web.HttpApplication.CallHandlerExecutionStep.System.Web.HttpApplication.IExecutionStep.Execute()
   在 System.Web.HttpApplication.ExecuteStep(IExecutionStep step, Boolean& completedSynchronously)
************************************begin***********************************
2015-07-26 09:49:44,810 [6716] ERROR Web.Global [(null)] - 程序发生未捕获异常
System.Web.HttpException (0x80004005): 文件不存在。
   在 System.Web.StaticFileHandler.GetFileInfo(String virtualPathWithPathInfo, String physicalPath, HttpResponse response)
   在 System.Web.StaticFileHandler.ProcessRequestInternal(HttpContext context, String overrideVirtualPath)
   在 System.Web.DefaultHttpHandler.BeginProcessRequest(HttpContext context, AsyncCallback callback, Object state)
   在 System.Web.HttpApplication.CallHandlerExecutionStep.System.Web.HttpApplication.IExecutionStep.Execute()
   在 System.Web.HttpApplication.ExecuteStep(IExecutionStep step, Boolean& completedSynchronously)
************************************begin***********************************
2015-07-26 11:30:30,626 [8516] ERROR Web.Global [(null)] - 程序发生未捕获异常
System.Web.HttpException (0x80004005): 文件不存在。
   在 System.Web.StaticFileHandler.GetFileInfo(String virtualPathWithPathInfo, String physicalPath, HttpResponse response)
   在 System.Web.StaticFileHandler.ProcessRequestInternal(HttpContext context, String overrideVirtualPath)
   在 System.Web.DefaultHttpHandler.BeginProcessRequest(HttpContext context, AsyncCallback callback, Object state)
   在 System.Web.HttpApplication.CallHandlerExecutionStep.System.Web.HttpApplication.IExecutionStep.Execute()
   在 System.Web.HttpApplication.ExecuteStep(IExecutionStep step, Boolean& completedSynchronously)
************************************begin***********************************
2015-07-26 11:30:38,147 [7500] ERROR Web.Global [(null)] - 程序发生未捕获异常
System.Web.HttpParseException (0x80004005): 未能加载类型“Web.Web_TableConfig”。 ---> System.Web.HttpParseException (0x80004005): 未能加载类型“Web.Web_TableConfig”。 ---> System.Web.HttpException (0x80004005): 未能加载类型“Web.Web_TableConfig”。
   在 System.Web.UI.TemplateParser.GetType(String typeName, Boolean ignoreCase, Boolean throwOnError)
   在 System.Web.UI.TemplateParser.ProcessInheritsAttribute(String baseTypeName, String codeFileBaseTypeName, String src, Assembly assembly)
   在 System.Web.UI.TemplateParser.PostProcessMainDirectiveAttributes(IDictionary parseData)
   在 System.Web.UI.TemplateParser.ProcessException(Exception ex)
   在 System.Web.UI.TemplateParser.ParseStringInternal(String text, Encoding fileEncoding)
   在 System.Web.UI.TemplateParser.ParseString(String text, VirtualPath virtualPath, Encoding fileEncoding)
   在 System.Web.UI.TemplateParser.ParseString(String text, VirtualPath virtualPath, Encoding fileEncoding)
   在 System.Web.UI.TemplateParser.ParseFile(String physicalPath, VirtualPath virtualPath)
   在 System.Web.UI.TemplateParser.ParseInternal()
   在 System.Web.UI.TemplateParser.Parse()
   在 System.Web.Compilation.BaseTemplateBuildProvider.get_CodeCompilerType()
   在 System.Web.Compilation.BuildProvider.GetCompilerTypeFromBuildProvider(BuildProvider buildProvider)
   在 System.Web.Compilation.BuildProvidersCompiler.ProcessBuildProviders()
   在 System.Web.Compilation.BuildProvidersCompiler.PerformBuild()
   在 System.Web.Compilation.BuildManager.CompileWebFile(VirtualPath virtualPath)
   在 System.Web.Compilation.BuildManager.GetVPathBuildResultInternal(VirtualPath virtualPath, Boolean noBuild, Boolean allowCrossApp, Boolean allowBuildInPrecompile, Boolean throwIfNotFound, Boolean ensureIsUpToDate)
   在 System.Web.Compilation.BuildManager.GetVPathBuildResultWithNoAssert(HttpContext context, VirtualPath virtualPath, Boolean noBuild, Boolean allowCrossApp, Boolean allowBuildInPrecompile, Boolean throwIfNotFound, Boolean ensureIsUpToDate)
   在 System.Web.Compilation.BuildManager.GetVirtualPathObjectFactory(VirtualPath virtualPath, HttpContext context, Boolean allowCrossApp, Boolean throwIfNotFound)
   在 System.Web.Compilation.BuildManager.CreateInstanceFromVirtualPath(VirtualPath virtualPath, Type requiredBaseType, HttpContext context, Boolean allowCrossApp)
   在 System.Web.UI.PageHandlerFactory.GetHandlerHelper(HttpContext context, String requestType, VirtualPath virtualPath, String physicalPath)
   在 System.Web.UI.PageHandlerFactory.System.Web.IHttpHandlerFactory2.GetHandler(HttpContext context, String requestType, VirtualPath virtualPath, String physicalPath)
   在 System.Web.HttpApplication.MapHttpHandler(HttpContext context, String requestType, VirtualPath path, String pathTranslated, Boolean useAppConfig)
   在 System.Web.HttpApplication.MapHandlerExecutionStep.System.Web.HttpApplication.IExecutionStep.Execute()
   在 System.Web.HttpApplication.ExecuteStep(IExecutionStep step, Boolean& completedSynchronously)
************************************begin***********************************
2015-07-26 11:30:47,699 [8516] ERROR Web.Global [(null)] - 程序发生未捕获异常
System.Web.HttpParseException (0x80004005): 未能加载类型“Web.Web_TableConfig”。 ---> System.Web.HttpParseException (0x80004005): 未能加载类型“Web.Web_TableConfig”。 ---> System.Web.HttpException (0x80004005): 未能加载类型“Web.Web_TableConfig”。
   在 System.Web.UI.TemplateParser.GetType(String typeName, Boolean ignoreCase, Boolean throwOnError)
   在 System.Web.UI.TemplateParser.ProcessInheritsAttribute(String baseTypeName, String codeFileBaseTypeName, String src, Assembly assembly)
   在 System.Web.UI.TemplateParser.PostProcessMainDirectiveAttributes(IDictionary parseData)
   在 System.Web.UI.TemplateParser.ProcessException(Exception ex)
   在 System.Web.UI.TemplateParser.ParseStringInternal(String text, Encoding fileEncoding)
   在 System.Web.UI.TemplateParser.ParseString(String text, VirtualPath virtualPath, Encoding fileEncoding)
   在 System.Web.UI.TemplateParser.ParseString(String text, VirtualPath virtualPath, Encoding fileEncoding)
   在 System.Web.UI.TemplateParser.ParseFile(String physicalPath, VirtualPath virtualPath)
   在 System.Web.UI.TemplateParser.ParseInternal()
   在 System.Web.UI.TemplateParser.Parse()
   在 System.Web.Compilation.BaseTemplateBuildProvider.get_CodeCompilerType()
   在 System.Web.Compilation.BuildProvider.GetCompilerTypeFromBuildProvider(BuildProvider buildProvider)
   在 System.Web.Compilation.BuildProvidersCompiler.ProcessBuildProviders()
   在 System.Web.Compilation.BuildProvidersCompiler.PerformBuild()
   在 System.Web.Compilation.BuildManager.CompileWebFile(VirtualPath virtualPath)
   在 System.Web.Compilation.BuildManager.GetVPathBuildResultInternal(VirtualPath virtualPath, Boolean noBuild, Boolean allowCrossApp, Boolean allowBuildInPrecompile, Boolean throwIfNotFound, Boolean ensureIsUpToDate)
   在 System.Web.Compilation.BuildManager.GetVPathBuildResultWithNoAssert(HttpContext context, VirtualPath virtualPath, Boolean noBuild, Boolean allowCrossApp, Boolean allowBuildInPrecompile, Boolean throwIfNotFound, Boolean ensureIsUpToDate)
   在 System.Web.Compilation.BuildManager.GetVirtualPathObjectFactory(VirtualPath virtualPath, HttpContext context, Boolean allowCrossApp, Boolean throwIfNotFound)
   在 System.Web.Compilation.BuildManager.CreateInstanceFromVirtualPath(VirtualPath virtualPath, Type requiredBaseType, HttpContext context, Boolean allowCrossApp)
   在 System.Web.UI.PageHandlerFactory.GetHandlerHelper(HttpContext context, String requestType, VirtualPath virtualPath, String physicalPath)
   在 System.Web.UI.PageHandlerFactory.System.Web.IHttpHandlerFactory2.GetHandler(HttpContext context, String requestType, VirtualPath virtualPath, String physicalPath)
   在 System.Web.HttpApplication.MapHttpHandler(HttpContext context, String requestType, VirtualPath path, String pathTranslated, Boolean useAppConfig)
   在 System.Web.HttpApplication.MapHandlerExecutionStep.System.Web.HttpApplication.IExecutionStep.Execute()
   在 System.Web.HttpApplication.ExecuteStep(IExecutionStep step, Boolean& completedSynchronously)
************************************begin***********************************
2015-07-26 11:42:41,069 [8896] ERROR Web.Global [(null)] - 程序发生未捕获异常
System.Web.HttpException (0x80004005): 文件不存在。
   在 System.Web.StaticFileHandler.GetFileInfo(String virtualPathWithPathInfo, String physicalPath, HttpResponse response)
   在 System.Web.StaticFileHandler.ProcessRequestInternal(HttpContext context, String overrideVirtualPath)
   在 System.Web.DefaultHttpHandler.BeginProcessRequest(HttpContext context, AsyncCallback callback, Object state)
   在 System.Web.HttpApplication.CallHandlerExecutionStep.System.Web.HttpApplication.IExecutionStep.Execute()
   在 System.Web.HttpApplication.ExecuteStep(IExecutionStep step, Boolean& completedSynchronously)
************************************begin***********************************
2015-07-26 17:27:37,924 [10560] ERROR Web.Global [(null)] - 程序发生未捕获异常
System.Web.HttpUnhandledException (0x80004005): 引发类型为“System.Web.HttpUnhandledException”的异常。 ---> System.InvalidCastException: 无法将类型为“System.Object[]”的对象强制转换为类型“Model.TB_TABLECONFIG”。
   在 IBatisNet.DataMapper.MappedStatements.MappedStatement.RunQueryForObject[T](RequestScope request, ISqlMapSession session, Object parameterObject, T resultObject)
   在 IBatisNet.DataMapper.MappedStatements.MappedStatement.ExecuteQueryForObject[T](ISqlMapSession session, Object parameterObject, T resultObject)
   在 IBatisNet.DataMapper.MappedStatements.MappedStatement.ExecuteQueryForObject[T](ISqlMapSession session, Object parameterObject)
   在 IBatisNet.DataMapper.SqlMapper.QueryForObject[T](String statementName, Object parameterObject)
   在 zhongxia.IBatisDAO.IIBatisDAO.GetSingle[T](String method, Object param)
   在 BLL.SYS_SQLByTCID.initSQL() 位置 F:\库\Desktop\通用后台维护\SVN完整版\BLL\SYS_SQLByTCID.cs:行号 152
   在 BLL.SYS_SQLByTCID..ctor(Int32 tcid) 位置 F:\库\Desktop\通用后台维护\SVN完整版\BLL\SYS_SQLByTCID.cs:行号 51
   在 Web.Default.Unnamed1_Click(Object sender, EventArgs e) 位置 F:\库\Desktop\通用后台维护\SVN完整版\Web\Default.aspx.cs:行号 27
   在 System.Web.UI.WebControls.Button.OnClick(EventArgs e)
   在 System.Web.UI.WebControls.Button.RaisePostBackEvent(String eventArgument)
   在 System.Web.UI.WebControls.Button.System.Web.UI.IPostBackEventHandler.RaisePostBackEvent(String eventArgument)
   在 System.Web.UI.Page.RaisePostBackEvent(IPostBackEventHandler sourceControl, String eventArgument)
   在 System.Web.UI.Page.RaisePostBackEvent(NameValueCollection postData)
   在 System.Web.UI.Page.ProcessRequestMain(Boolean includeStagesBeforeAsyncPoint, Boolean includeStagesAfterAsyncPoint)
   在 System.Web.UI.Page.HandleError(Exception e)
   在 System.Web.UI.Page.ProcessRequestMain(Boolean includeStagesBeforeAsyncPoint, Boolean includeStagesAfterAsyncPoint)
   在 System.Web.UI.Page.ProcessRequest(Boolean includeStagesBeforeAsyncPoint, Boolean includeStagesAfterAsyncPoint)
   在 System.Web.UI.Page.ProcessRequest()
   在 System.Web.UI.Page.ProcessRequestWithNoAssert(HttpContext context)
   在 System.Web.UI.Page.ProcessRequest(HttpContext context)
   在 ASP.default_aspx.ProcessRequest(HttpContext context) 位置 c:\Windows\Microsoft.NET\Framework\v4.0.30319\Temporary ASP.NET Files\root\f1ff41eb\eada17cd\App_Web_sj4rbnf3.1.cs:行号 0
   在 System.Web.HttpApplication.CallHandlerExecutionStep.System.Web.HttpApplication.IExecutionStep.Execute()
   在 System.Web.HttpApplication.ExecuteStep(IExecutionStep step, Boolean& completedSynchronously)
************************************begin***********************************
2015-07-26 17:28:34,662 [9564] ERROR Web.Global [(null)] - 程序发生未捕获异常
System.Web.HttpUnhandledException (0x80004005): 引发类型为“System.Web.HttpUnhandledException”的异常。 ---> System.InvalidCastException: 无法将类型为“System.Object[]”的对象强制转换为类型“Model.TB_TABLECONFIG”。
   在 IBatisNet.DataMapper.MappedStatements.MappedStatement.RunQueryForObject[T](RequestScope request, ISqlMapSession session, Object parameterObject, T resultObject)
   在 IBatisNet.DataMapper.MappedStatements.MappedStatement.ExecuteQueryForObject[T](ISqlMapSession session, Object parameterObject, T resultObject)
   在 IBatisNet.DataMapper.MappedStatements.MappedStatement.ExecuteQueryForObject[T](ISqlMapSession session, Object parameterObject)
   在 IBatisNet.DataMapper.SqlMapper.QueryForObject[T](String statementName, Object parameterObject)
   在 zhongxia.IBatisDAO.IIBatisDAO.GetSingle[T](String method, Object param)
   在 BLL.SYS_SQLByTCID.initSQL() 位置 F:\库\Desktop\通用后台维护\SVN完整版\BLL\SYS_SQLByTCID.cs:行号 152
   在 BLL.SYS_SQLByTCID..ctor(Int32 tcid) 位置 F:\库\Desktop\通用后台维护\SVN完整版\BLL\SYS_SQLByTCID.cs:行号 51
   在 Web.Default.Unnamed1_Click(Object sender, EventArgs e) 位置 F:\库\Desktop\通用后台维护\SVN完整版\Web\Default.aspx.cs:行号 27
   在 System.Web.UI.WebControls.Button.OnClick(EventArgs e)
   在 System.Web.UI.WebControls.Button.RaisePostBackEvent(String eventArgument)
   在 System.Web.UI.WebControls.Button.System.Web.UI.IPostBackEventHandler.RaisePostBackEvent(String eventArgument)
   在 System.Web.UI.Page.RaisePostBackEvent(IPostBackEventHandler sourceControl, String eventArgument)
   在 System.Web.UI.Page.RaisePostBackEvent(NameValueCollection postData)
   在 System.Web.UI.Page.ProcessRequestMain(Boolean includeStagesBeforeAsyncPoint, Boolean includeStagesAfterAsyncPoint)
   在 System.Web.UI.Page.HandleError(Exception e)
   在 System.Web.UI.Page.ProcessRequestMain(Boolean includeStagesBeforeAsyncPoint, Boolean includeStagesAfterAsyncPoint)
   在 System.Web.UI.Page.ProcessRequest(Boolean includeStagesBeforeAsyncPoint, Boolean includeStagesAfterAsyncPoint)
   在 System.Web.UI.Page.ProcessRequest()
   在 System.Web.UI.Page.ProcessRequestWithNoAssert(HttpContext context)
   在 System.Web.UI.Page.ProcessRequest(HttpContext context)
   在 ASP.default_aspx.ProcessRequest(HttpContext context) 位置 c:\Windows\Microsoft.NET\Framework\v4.0.30319\Temporary ASP.NET Files\root\f1ff41eb\eada17cd\App_Web_sj4rbnf3.1.cs:行号 0
   在 System.Web.HttpApplication.CallHandlerExecutionStep.System.Web.HttpApplication.IExecutionStep.Execute()
   在 System.Web.HttpApplication.ExecuteStep(IExecutionStep step, Boolean& completedSynchronously)
************************************begin***********************************
2015-07-26 17:29:04,615 [10932] ERROR Web.Global [(null)] - 程序发生未捕获异常
System.Web.HttpUnhandledException (0x80004005): 引发类型为“System.Web.HttpUnhandledException”的异常。 ---> System.NullReferenceException: 未将对象引用设置到对象的实例。
   在 BLL.SYS_SQLByTCID.initSQL() 位置 F:\库\Desktop\通用后台维护\SVN完整版\BLL\SYS_SQLByTCID.cs:行号 166
   在 BLL.SYS_SQLByTCID..ctor(Int32 tcid) 位置 F:\库\Desktop\通用后台维护\SVN完整版\BLL\SYS_SQLByTCID.cs:行号 51
   在 Web.Default.Unnamed1_Click(Object sender, EventArgs e) 位置 F:\库\Desktop\通用后台维护\SVN完整版\Web\Default.aspx.cs:行号 27
   在 System.Web.UI.WebControls.Button.OnClick(EventArgs e)
   在 System.Web.UI.WebControls.Button.RaisePostBackEvent(String eventArgument)
   在 System.Web.UI.WebControls.Button.System.Web.UI.IPostBackEventHandler.RaisePostBackEvent(String eventArgument)
   在 System.Web.UI.Page.RaisePostBackEvent(IPostBackEventHandler sourceControl, String eventArgument)
   在 System.Web.UI.Page.RaisePostBackEvent(NameValueCollection postData)
   在 System.Web.UI.Page.ProcessRequestMain(Boolean includeStagesBeforeAsyncPoint, Boolean includeStagesAfterAsyncPoint)
   在 System.Web.UI.Page.HandleError(Exception e)
   在 System.Web.UI.Page.ProcessRequestMain(Boolean includeStagesBeforeAsyncPoint, Boolean includeStagesAfterAsyncPoint)
   在 System.Web.UI.Page.ProcessRequest(Boolean includeStagesBeforeAsyncPoint, Boolean includeStagesAfterAsyncPoint)
   在 System.Web.UI.Page.ProcessRequest()
   在 System.Web.UI.Page.ProcessRequestWithNoAssert(HttpContext context)
   在 System.Web.UI.Page.ProcessRequest(HttpContext context)
   在 ASP.default_aspx.ProcessRequest(HttpContext context) 位置 c:\Windows\Microsoft.NET\Framework\v4.0.30319\Temporary ASP.NET Files\root\f1ff41eb\eada17cd\App_Web_35zpntlz.1.cs:行号 0
   在 System.Web.HttpApplication.CallHandlerExecutionStep.System.Web.HttpApplication.IExecutionStep.Execute()
   在 System.Web.HttpApplication.ExecuteStep(IExecutionStep step, Boolean& completedSynchronously)
************************************begin***********************************
2015-07-26 17:29:56,552 [9564] ERROR Web.Global [(null)] - 程序发生未捕获异常
System.Web.HttpUnhandledException (0x80004005): 引发类型为“System.Web.HttpUnhandledException”的异常。 ---> System.NullReferenceException: 未将对象引用设置到对象的实例。
   在 BLL.SYS_SQLByTCID.initSQL() 位置 F:\库\Desktop\通用后台维护\SVN完整版\BLL\SYS_SQLByTCID.cs:行号 167
   在 BLL.SYS_SQLByTCID..ctor(Int32 tcid) 位置 F:\库\Desktop\通用后台维护\SVN完整版\BLL\SYS_SQLByTCID.cs:行号 51
   在 Web.Default.Unnamed1_Click(Object sender, EventArgs e) 位置 F:\库\Desktop\通用后台维护\SVN完整版\Web\Default.aspx.cs:行号 27
   在 System.Web.UI.WebControls.Button.OnClick(EventArgs e)
   在 System.Web.UI.WebControls.Button.RaisePostBackEvent(String eventArgument)
   在 System.Web.UI.WebControls.Button.System.Web.UI.IPostBackEventHandler.RaisePostBackEvent(String eventArgument)
   在 System.Web.UI.Page.RaisePostBackEvent(IPostBackEventHandler sourceControl, String eventArgument)
   在 System.Web.UI.Page.RaisePostBackEvent(NameValueCollection postData)
   在 System.Web.UI.Page.ProcessRequestMain(Boolean includeStagesBeforeAsyncPoint, Boolean includeStagesAfterAsyncPoint)
   在 System.Web.UI.Page.HandleError(Exception e)
   在 System.Web.UI.Page.ProcessRequestMain(Boolean includeStagesBeforeAsyncPoint, Boolean includeStagesAfterAsyncPoint)
   在 System.Web.UI.Page.ProcessRequest(Boolean includeStagesBeforeAsyncPoint, Boolean includeStagesAfterAsyncPoint)
   在 System.Web.UI.Page.ProcessRequest()
   在 System.Web.UI.Page.ProcessRequestWithNoAssert(HttpContext context)
   在 System.Web.UI.Page.ProcessRequest(HttpContext context)
   在 ASP.default_aspx.ProcessRequest(HttpContext context) 位置 c:\Windows\Microsoft.NET\Framework\v4.0.30319\Temporary ASP.NET Files\root\f1ff41eb\eada17cd\App_Web_lxluoano.0.cs:行号 0
   在 System.Web.HttpApplication.CallHandlerExecutionStep.System.Web.HttpApplication.IExecutionStep.Execute()
   在 System.Web.HttpApplication.ExecuteStep(IExecutionStep step, Boolean& completedSynchronously)
************************************begin***********************************
2015-07-26 17:30:56,296 [4512] ERROR Web.Global [(null)] - 程序发生未捕获异常
System.Web.HttpUnhandledException (0x80004005): 引发类型为“System.Web.HttpUnhandledException”的异常。 ---> System.ArgumentOutOfRangeException: 长度不能小于 0。
参数名: length
   在 System.String.InternalSubStringWithChecks(Int32 startIndex, Int32 length, Boolean fAlwaysCopy)
   在 System.String.Substring(Int32 startIndex, Int32 length)
   在 BLL.SYS_SQLByTCID._InitInsertSQL(String TbName, List`1 L_TB_TABLEFIELDCONFIG) 位置 F:\库\Desktop\通用后台维护\SVN完整版\BLL\SYS_SQLByTCID.cs:行号 79
   在 BLL.SYS_SQLByTCID.initSQL() 位置 F:\库\Desktop\通用后台维护\SVN完整版\BLL\SYS_SQLByTCID.cs:行号 169
   在 BLL.SYS_SQLByTCID..ctor(Int32 tcid) 位置 F:\库\Desktop\通用后台维护\SVN完整版\BLL\SYS_SQLByTCID.cs:行号 51
   在 Web.Default.Unnamed1_Click(Object sender, EventArgs e) 位置 F:\库\Desktop\通用后台维护\SVN完整版\Web\Default.aspx.cs:行号 27
   在 System.Web.UI.WebControls.Button.OnClick(EventArgs e)
   在 System.Web.UI.WebControls.Button.RaisePostBackEvent(String eventArgument)
   在 System.Web.UI.WebControls.Button.System.Web.UI.IPostBackEventHandler.RaisePostBackEvent(String eventArgument)
   在 System.Web.UI.Page.RaisePostBackEvent(IPostBackEventHandler sourceControl, String eventArgument)
   在 System.Web.UI.Page.RaisePostBackEvent(NameValueCollection postData)
   在 System.Web.UI.Page.ProcessRequestMain(Boolean includeStagesBeforeAsyncPoint, Boolean includeStagesAfterAsyncPoint)
   在 System.Web.UI.Page.HandleError(Exception e)
   在 System.Web.UI.Page.ProcessRequestMain(Boolean includeStagesBeforeAsyncPoint, Boolean includeStagesAfterAsyncPoint)
   在 System.Web.UI.Page.ProcessRequest(Boolean includeStagesBeforeAsyncPoint, Boolean includeStagesAfterAsyncPoint)
   在 System.Web.UI.Page.ProcessRequest()
   在 System.Web.UI.Page.ProcessRequestWithNoAssert(HttpContext context)
   在 System.Web.UI.Page.ProcessRequest(HttpContext context)
   在 ASP.default_aspx.ProcessRequest(HttpContext context) 位置 c:\Windows\Microsoft.NET\Framework\v4.0.30319\Temporary ASP.NET Files\root\f1ff41eb\eada17cd\App_Web_abhi2zob.1.cs:行号 0
   在 System.Web.HttpApplication.CallHandlerExecutionStep.System.Web.HttpApplication.IExecutionStep.Execute()
   在 System.Web.HttpApplication.ExecuteStep(IExecutionStep step, Boolean& completedSynchronously)
************************************begin***********************************
2015-07-26 17:32:15,329 [10288] ERROR Web.Global [(null)] - 程序发生未捕获异常
System.Web.HttpUnhandledException (0x80004005): 引发类型为“System.Web.HttpUnhandledException”的异常。 ---> System.ArgumentOutOfRangeException: 长度不能小于 0。
参数名: length
   在 System.String.InternalSubStringWithChecks(Int32 startIndex, Int32 length, Boolean fAlwaysCopy)
   在 System.String.Substring(Int32 startIndex, Int32 length)
   在 BLL.SYS_SQLByTCID._InitInsertSQL(String TbName, List`1 L_TB_TABLEFIELDCONFIG) 位置 F:\库\Desktop\通用后台维护\SVN完整版\BLL\SYS_SQLByTCID.cs:行号 79
   在 BLL.SYS_SQLByTCID.initSQL() 位置 F:\库\Desktop\通用后台维护\SVN完整版\BLL\SYS_SQLByTCID.cs:行号 169
   在 BLL.SYS_SQLByTCID..ctor(Int32 tcid) 位置 F:\库\Desktop\通用后台维护\SVN完整版\BLL\SYS_SQLByTCID.cs:行号 51
   在 Web.Default.Unnamed1_Click(Object sender, EventArgs e) 位置 F:\库\Desktop\通用后台维护\SVN完整版\Web\Default.aspx.cs:行号 27
   在 System.Web.UI.WebControls.Button.OnClick(EventArgs e)
   在 System.Web.UI.WebControls.Button.RaisePostBackEvent(String eventArgument)
   在 System.Web.UI.WebControls.Button.System.Web.UI.IPostBackEventHandler.RaisePostBackEvent(String eventArgument)
   在 System.Web.UI.Page.RaisePostBackEvent(IPostBackEventHandler sourceControl, String eventArgument)
   在 System.Web.UI.Page.RaisePostBackEvent(NameValueCollection postData)
   在 System.Web.UI.Page.ProcessRequestMain(Boolean includeStagesBeforeAsyncPoint, Boolean includeStagesAfterAsyncPoint)
   在 System.Web.UI.Page.HandleError(Exception e)
   在 System.Web.UI.Page.ProcessRequestMain(Boolean includeStagesBeforeAsyncPoint, Boolean includeStagesAfterAsyncPoint)
   在 System.Web.UI.Page.ProcessRequest(Boolean includeStagesBeforeAsyncPoint, Boolean includeStagesAfterAsyncPoint)
   在 System.Web.UI.Page.ProcessRequest()
   在 System.Web.UI.Page.ProcessRequestWithNoAssert(HttpContext context)
   在 System.Web.UI.Page.ProcessRequest(HttpContext context)
   在 ASP.default_aspx.ProcessRequest(HttpContext context) 位置 c:\Windows\Microsoft.NET\Framework\v4.0.30319\Temporary ASP.NET Files\root\f1ff41eb\eada17cd\App_Web_abhi2zob.1.cs:行号 0
   在 System.Web.HttpApplication.CallHandlerExecutionStep.System.Web.HttpApplication.IExecutionStep.Execute()
   在 System.Web.HttpApplication.ExecuteStep(IExecutionStep step, Boolean& completedSynchronously)
************************************begin***********************************
2015-07-26 17:38:10,360 [12020] ERROR Web.Global [(null)] - 程序发生未捕获异常
System.Web.HttpUnhandledException (0x80004005): 引发类型为“System.Web.HttpUnhandledException”的异常。 ---> System.ArgumentOutOfRangeException: 长度不能小于 0。
参数名: length
   在 System.String.InternalSubStringWithChecks(Int32 startIndex, Int32 length, Boolean fAlwaysCopy)
   在 System.String.Substring(Int32 startIndex, Int32 length)
   在 BLL.SYS_SQLByTCID._InitInsertSQL(String TbName, List`1 L_TB_TABLEFIELDCONFIG) 位置 F:\库\Desktop\通用后台维护\SVN完整版\BLL\SYS_SQLByTCID.cs:行号 79
   在 BLL.SYS_SQLByTCID.initSQL() 位置 F:\库\Desktop\通用后台维护\SVN完整版\BLL\SYS_SQLByTCID.cs:行号 169
   在 BLL.SYS_SQLByTCID..ctor(Int32 tcid) 位置 F:\库\Desktop\通用后台维护\SVN完整版\BLL\SYS_SQLByTCID.cs:行号 51
   在 Web.Default.Unnamed1_Click(Object sender, EventArgs e) 位置 F:\库\Desktop\通用后台维护\SVN完整版\Web\Default.aspx.cs:行号 27
   在 System.Web.UI.WebControls.Button.OnClick(EventArgs e)
   在 System.Web.UI.WebControls.Button.RaisePostBackEvent(String eventArgument)
   在 System.Web.UI.WebControls.Button.System.Web.UI.IPostBackEventHandler.RaisePostBackEvent(String eventArgument)
   在 System.Web.UI.Page.RaisePostBackEvent(IPostBackEventHandler sourceControl, String eventArgument)
   在 System.Web.UI.Page.RaisePostBackEvent(NameValueCollection postData)
   在 System.Web.UI.Page.ProcessRequestMain(Boolean includeStagesBeforeAsyncPoint, Boolean includeStagesAfterAsyncPoint)
   在 System.Web.UI.Page.HandleError(Exception e)
   在 System.Web.UI.Page.ProcessRequestMain(Boolean includeStagesBeforeAsyncPoint, Boolean includeStagesAfterAsyncPoint)
   在 System.Web.UI.Page.ProcessRequest(Boolean includeStagesBeforeAsyncPoint, Boolean includeStagesAfterAsyncPoint)
   在 System.Web.UI.Page.ProcessRequest()
   在 System.Web.UI.Page.ProcessRequestWithNoAssert(HttpContext context)
   在 System.Web.UI.Page.ProcessRequest(HttpContext context)
   在 ASP.default_aspx.ProcessRequest(HttpContext context) 位置 c:\Windows\Microsoft.NET\Framework\v4.0.30319\Temporary ASP.NET Files\root\f1ff41eb\eada17cd\App_Web_1vqecp0x.0.cs:行号 0
   在 System.Web.HttpApplication.CallHandlerExecutionStep.System.Web.HttpApplication.IExecutionStep.Execute()
   在 System.Web.HttpApplication.ExecuteStep(IExecutionStep step, Boolean& completedSynchronously)
************************************begin***********************************
2015-07-26 17:38:15,952 [10912] ERROR Web.Global [(null)] - 程序发生未捕获异常
System.Web.HttpUnhandledException (0x80004005): 引发类型为“System.Web.HttpUnhandledException”的异常。 ---> System.ArgumentOutOfRangeException: 长度不能小于 0。
参数名: length
   在 System.String.InternalSubStringWithChecks(Int32 startIndex, Int32 length, Boolean fAlwaysCopy)
   在 System.String.Substring(Int32 startIndex, Int32 length)
   在 BLL.SYS_SQLByTCID._InitInsertSQL(String TbName, List`1 L_TB_TABLEFIELDCONFIG) 位置 F:\库\Desktop\通用后台维护\SVN完整版\BLL\SYS_SQLByTCID.cs:行号 79
   在 BLL.SYS_SQLByTCID.initSQL() 位置 F:\库\Desktop\通用后台维护\SVN完整版\BLL\SYS_SQLByTCID.cs:行号 169
   在 BLL.SYS_SQLByTCID..ctor(Int32 tcid) 位置 F:\库\Desktop\通用后台维护\SVN完整版\BLL\SYS_SQLByTCID.cs:行号 51
   在 Web.Default.Unnamed1_Click(Object sender, EventArgs e) 位置 F:\库\Desktop\通用后台维护\SVN完整版\Web\Default.aspx.cs:行号 27
   在 System.Web.UI.WebControls.Button.OnClick(EventArgs e)
   在 System.Web.UI.WebControls.Button.RaisePostBackEvent(String eventArgument)
   在 System.Web.UI.WebControls.Button.System.Web.UI.IPostBackEventHandler.RaisePostBackEvent(String eventArgument)
   在 System.Web.UI.Page.RaisePostBackEvent(IPostBackEventHandler sourceControl, String eventArgument)
   在 System.Web.UI.Page.RaisePostBackEvent(NameValueCollection postData)
   在 System.Web.UI.Page.ProcessRequestMain(Boolean includeStagesBeforeAsyncPoint, Boolean includeStagesAfterAsyncPoint)
   在 System.Web.UI.Page.HandleError(Exception e)
   在 System.Web.UI.Page.ProcessRequestMain(Boolean includeStagesBeforeAsyncPoint, Boolean includeStagesAfterAsyncPoint)
   在 System.Web.UI.Page.ProcessRequest(Boolean includeStagesBeforeAsyncPoint, Boolean includeStagesAfterAsyncPoint)
   在 System.Web.UI.Page.ProcessRequest()
   在 System.Web.UI.Page.ProcessRequestWithNoAssert(HttpContext context)
   在 System.Web.UI.Page.ProcessRequest(HttpContext context)
   在 ASP.default_aspx.ProcessRequest(HttpContext context) 位置 c:\Windows\Microsoft.NET\Framework\v4.0.30319\Temporary ASP.NET Files\root\f1ff41eb\eada17cd\App_Web_1vqecp0x.0.cs:行号 0
   在 System.Web.HttpApplication.CallHandlerExecutionStep.System.Web.HttpApplication.IExecutionStep.Execute()
   在 System.Web.HttpApplication.ExecuteStep(IExecutionStep step, Boolean& completedSynchronously)
************************************begin***********************************
2015-07-26 17:38:48,988 [11344] ERROR Web.Global [(null)] - 程序发生未捕获异常
System.Web.HttpUnhandledException (0x80004005): 引发类型为“System.Web.HttpUnhandledException”的异常。 ---> System.ArgumentOutOfRangeException: 长度不能小于 0。
参数名: length
   在 System.String.InternalSubStringWithChecks(Int32 startIndex, Int32 length, Boolean fAlwaysCopy)
   在 System.String.Substring(Int32 startIndex, Int32 length)
   在 BLL.SYS_SQLByTCID._InitInsertSQL(String TbName, List`1 L_TB_TABLEFIELDCONFIG) 位置 F:\库\Desktop\通用后台维护\SVN完整版\BLL\SYS_SQLByTCID.cs:行号 79
   在 BLL.SYS_SQLByTCID.initSQL() 位置 F:\库\Desktop\通用后台维护\SVN完整版\BLL\SYS_SQLByTCID.cs:行号 169
   在 BLL.SYS_SQLByTCID..ctor(Int32 tcid) 位置 F:\库\Desktop\通用后台维护\SVN完整版\BLL\SYS_SQLByTCID.cs:行号 51
   在 Web.Default.Unnamed1_Click(Object sender, EventArgs e) 位置 F:\库\Desktop\通用后台维护\SVN完整版\Web\Default.aspx.cs:行号 27
   在 System.Web.UI.WebControls.Button.OnClick(EventArgs e)
   在 System.Web.UI.WebControls.Button.RaisePostBackEvent(String eventArgument)
   在 System.Web.UI.WebControls.Button.System.Web.UI.IPostBackEventHandler.RaisePostBackEvent(String eventArgument)
   在 System.Web.UI.Page.RaisePostBackEvent(IPostBackEventHandler sourceControl, String eventArgument)
   在 System.Web.UI.Page.RaisePostBackEvent(NameValueCollection postData)
   在 System.Web.UI.Page.ProcessRequestMain(Boolean includeStagesBeforeAsyncPoint, Boolean includeStagesAfterAsyncPoint)
   在 System.Web.UI.Page.HandleError(Exception e)
   在 System.Web.UI.Page.ProcessRequestMain(Boolean includeStagesBeforeAsyncPoint, Boolean includeStagesAfterAsyncPoint)
   在 System.Web.UI.Page.ProcessRequest(Boolean includeStagesBeforeAsyncPoint, Boolean includeStagesAfterAsyncPoint)
   在 System.Web.UI.Page.ProcessRequest()
   在 System.Web.UI.Page.ProcessRequestWithNoAssert(HttpContext context)
   在 System.Web.UI.Page.ProcessRequest(HttpContext context)
   在 ASP.default_aspx.ProcessRequest(HttpContext context) 位置 c:\Windows\Microsoft.NET\Framework\v4.0.30319\Temporary ASP.NET Files\root\f1ff41eb\eada17cd\App_Web_c54zo4ze.0.cs:行号 0
   在 System.Web.HttpApplication.CallHandlerExecutionStep.System.Web.HttpApplication.IExecutionStep.Execute()
   在 System.Web.HttpApplication.ExecuteStep(IExecutionStep step, Boolean& completedSynchronously)
************************************begin***********************************
2015-07-26 17:46:15,313 [11752] ERROR Web.Global [(null)] - 程序发生未捕获异常
System.Web.HttpException (0x80004005): 文件不存在。
   在 System.Web.StaticFileHandler.GetFileInfo(String virtualPathWithPathInfo, String physicalPath, HttpResponse response)
   在 System.Web.StaticFileHandler.ProcessRequestInternal(HttpContext context, String overrideVirtualPath)
   在 System.Web.DefaultHttpHandler.BeginProcessRequest(HttpContext context, AsyncCallback callback, Object state)
   在 System.Web.HttpApplication.CallHandlerExecutionStep.System.Web.HttpApplication.IExecutionStep.Execute()
   在 System.Web.HttpApplication.ExecuteStep(IExecutionStep step, Boolean& completedSynchronously)
************************************begin***********************************
2015-07-26 17:46:16,609 [12436] ERROR Web.Global [(null)] - 程序发生未捕获异常
System.Web.HttpException (0x80004005): 文件不存在。
   在 System.Web.StaticFileHandler.GetFileInfo(String virtualPathWithPathInfo, String physicalPath, HttpResponse response)
   在 System.Web.StaticFileHandler.ProcessRequestInternal(HttpContext context, String overrideVirtualPath)
   在 System.Web.DefaultHttpHandler.BeginProcessRequest(HttpContext context, AsyncCallback callback, Object state)
   在 System.Web.HttpApplication.CallHandlerExecutionStep.System.Web.HttpApplication.IExecutionStep.Execute()
   在 System.Web.HttpApplication.ExecuteStep(IExecutionStep step, Boolean& completedSynchronously)
************************************begin***********************************
2015-07-26 17:46:18,405 [12436] ERROR Web.Global [(null)] - 程序发生未捕获异常
System.Web.HttpException (0x80004005): 文件不存在。
   在 System.Web.StaticFileHandler.GetFileInfo(String virtualPathWithPathInfo, String physicalPath, HttpResponse response)
   在 System.Web.StaticFileHandler.ProcessRequestInternal(HttpContext context, String overrideVirtualPath)
   在 System.Web.DefaultHttpHandler.BeginProcessRequest(HttpContext context, AsyncCallback callback, Object state)
   在 System.Web.HttpApplication.CallHandlerExecutionStep.System.Web.HttpApplication.IExecutionStep.Execute()
   在 System.Web.HttpApplication.ExecuteStep(IExecutionStep step, Boolean& completedSynchronously)
************************************begin***********************************
2015-07-26 18:15:37,290 [10392] ERROR Web.Global [(null)] - 程序发生未捕获异常
System.Web.HttpException (0x80004005): 文件不存在。
   在 System.Web.StaticFileHandler.GetFileInfo(String virtualPathWithPathInfo, String physicalPath, HttpResponse response)
   在 System.Web.StaticFileHandler.ProcessRequestInternal(HttpContext context, String overrideVirtualPath)
   在 System.Web.DefaultHttpHandler.BeginProcessRequest(HttpContext context, AsyncCallback callback, Object state)
   在 System.Web.HttpApplication.CallHandlerExecutionStep.System.Web.HttpApplication.IExecutionStep.Execute()
   在 System.Web.HttpApplication.ExecuteStep(IExecutionStep step, Boolean& completedSynchronously)
************************************begin***********************************
2015-07-26 18:28:50,551 [12728] ERROR Web.Global [(null)] - 程序发生未捕获异常
System.ArgumentOutOfRangeException: 长度不能小于 0。
参数名: length
   在 System.String.InternalSubStringWithChecks(Int32 startIndex, Int32 length, Boolean fAlwaysCopy)
   在 System.String.Substring(Int32 startIndex, Int32 length)
   在 BLL.SYS_SQLByTCID._InitSQL_Insert(String TbName, List`1 L_TB_TABLEFIELDCONFIG) 位置 F:\库\Desktop\通用后台维护\SVN完整版\BLL\SYS_SQLByTCID.cs:行号 82
   在 BLL.SYS_SQLByTCID.initSQL() 位置 F:\库\Desktop\通用后台维护\SVN完整版\BLL\SYS_SQLByTCID.cs:行号 177
   在 BLL.SYS_SQLByTCID..ctor(String tcid) 位置 F:\库\Desktop\通用后台维护\SVN完整版\BLL\SYS_SQLByTCID.cs:行号 53
   在 Web.Server.AjaxHandler.CRUDHandler.ProcessRequest(HttpContext context) 位置 F:\库\Desktop\通用后台维护\SVN完整版\Web\Server\AjaxHandler\CRUDHandler.ashx.cs:行号 43
   在 System.Web.HttpApplication.CallHandlerExecutionStep.System.Web.HttpApplication.IExecutionStep.Execute()
   在 System.Web.HttpApplication.ExecuteStep(IExecutionStep step, Boolean& completedSynchronously)
************************************begin***********************************
2015-07-26 18:40:59,612 [12380] ERROR Web.Global [(null)] - 程序发生未捕获异常
System.Web.HttpException (0x80004005): 文件不存在。
   在 System.Web.StaticFileHandler.GetFileInfo(String virtualPathWithPathInfo, String physicalPath, HttpResponse response)
   在 System.Web.StaticFileHandler.ProcessRequestInternal(HttpContext context, String overrideVirtualPath)
   在 System.Web.DefaultHttpHandler.BeginProcessRequest(HttpContext context, AsyncCallback callback, Object state)
   在 System.Web.HttpApplication.CallHandlerExecutionStep.System.Web.HttpApplication.IExecutionStep.Execute()
   在 System.Web.HttpApplication.ExecuteStep(IExecutionStep step, Boolean& completedSynchronously)
************************************begin***********************************
2015-07-26 19:10:33,324 [11768] ERROR Web.Global [(null)] - 程序发生未捕获异常
System.Web.HttpException (0x80004005): 文件不存在。
   在 System.Web.StaticFileHandler.GetFileInfo(String virtualPathWithPathInfo, String physicalPath, HttpResponse response)
   在 System.Web.StaticFileHandler.ProcessRequestInternal(HttpContext context, String overrideVirtualPath)
   在 System.Web.DefaultHttpHandler.BeginProcessRequest(HttpContext context, AsyncCallback callback, Object state)
   在 System.Web.HttpApplication.CallHandlerExecutionStep.System.Web.HttpApplication.IExecutionStep.Execute()
   在 System.Web.HttpApplication.ExecuteStep(IExecutionStep step, Boolean& completedSynchronously)
************************************begin***********************************
2015-07-26 20:14:23,693 [12476] ERROR Web.Global [(null)] - 程序发生未捕获异常
System.Web.HttpException (0x80004005): 文件不存在。
   在 System.Web.StaticFileHandler.GetFileInfo(String virtualPathWithPathInfo, String physicalPath, HttpResponse response)
   在 System.Web.StaticFileHandler.ProcessRequestInternal(HttpContext context, String overrideVirtualPath)
   在 System.Web.DefaultHttpHandler.BeginProcessRequest(HttpContext context, AsyncCallback callback, Object state)
   在 System.Web.HttpApplication.CallHandlerExecutionStep.System.Web.HttpApplication.IExecutionStep.Execute()
   在 System.Web.HttpApplication.ExecuteStep(IExecutionStep step, Boolean& completedSynchronously)
************************************begin***********************************
2015-07-26 20:14:46,794 [14240] ERROR Web.Global [(null)] - 程序发生未捕获异常
System.Web.HttpException (0x80004005): 文件不存在。
   在 System.Web.StaticFileHandler.GetFileInfo(String virtualPathWithPathInfo, String physicalPath, HttpResponse response)
   在 System.Web.StaticFileHandler.ProcessRequestInternal(HttpContext context, String overrideVirtualPath)
   在 System.Web.DefaultHttpHandler.BeginProcessRequest(HttpContext context, AsyncCallback callback, Object state)
   在 System.Web.HttpApplication.CallHandlerExecutionStep.System.Web.HttpApplication.IExecutionStep.Execute()
   在 System.Web.HttpApplication.ExecuteStep(IExecutionStep step, Boolean& completedSynchronously)
************************************begin***********************************
2015-07-26 20:15:07,664 [12456] ERROR Web.Global [(null)] - 程序发生未捕获异常
System.Web.HttpException (0x80004005): 文件不存在。
   在 System.Web.StaticFileHandler.GetFileInfo(String virtualPathWithPathInfo, String physicalPath, HttpResponse response)
   在 System.Web.StaticFileHandler.ProcessRequestInternal(HttpContext context, String overrideVirtualPath)
   在 System.Web.DefaultHttpHandler.BeginProcessRequest(HttpContext context, AsyncCallback callback, Object state)
   在 System.Web.HttpApplication.CallHandlerExecutionStep.System.Web.HttpApplication.IExecutionStep.Execute()
   在 System.Web.HttpApplication.ExecuteStep(IExecutionStep step, Boolean& completedSynchronously)
************************************begin***********************************
2015-07-26 20:15:28,964 [14244] ERROR Web.Global [(null)] - 程序发生未捕获异常
System.Web.HttpException (0x80004005): 文件不存在。
   在 System.Web.StaticFileHandler.GetFileInfo(String virtualPathWithPathInfo, String physicalPath, HttpResponse response)
   在 System.Web.StaticFileHandler.ProcessRequestInternal(HttpContext context, String overrideVirtualPath)
   在 System.Web.DefaultHttpHandler.BeginProcessRequest(HttpContext context, AsyncCallback callback, Object state)
   在 System.Web.HttpApplication.CallHandlerExecutionStep.System.Web.HttpApplication.IExecutionStep.Execute()
   在 System.Web.HttpApplication.ExecuteStep(IExecutionStep step, Boolean& completedSynchronously)
************************************begin***********************************
2015-07-26 20:42:09,119 [12224] ERROR Web.Global [(null)] - 程序发生未捕获异常
System.Web.HttpException (0x80004005): 文件不存在。
   在 System.Web.StaticFileHandler.GetFileInfo(String virtualPathWithPathInfo, String physicalPath, HttpResponse response)
   在 System.Web.StaticFileHandler.ProcessRequestInternal(HttpContext context, String overrideVirtualPath)
   在 System.Web.DefaultHttpHandler.BeginProcessRequest(HttpContext context, AsyncCallback callback, Object state)
   在 System.Web.HttpApplication.CallHandlerExecutionStep.System.Web.HttpApplication.IExecutionStep.Execute()
   在 System.Web.HttpApplication.ExecuteStep(IExecutionStep step, Boolean& completedSynchronously)
************************************begin***********************************
2015-07-26 20:55:20,073 [14100] ERROR Web.Global [(null)] - 程序发生未捕获异常
System.Data.SqlClient.SqlException (0x80131904): 从数据类型 varchar 转换为 numeric 时出错。
   在 System.Data.SqlClient.SqlConnection.OnError(SqlException exception, Boolean breakConnection, Action`1 wrapCloseInAction)
   在 System.Data.SqlClient.SqlInternalConnection.OnError(SqlException exception, Boolean breakConnection, Action`1 wrapCloseInAction)
   在 System.Data.SqlClient.TdsParser.ThrowExceptionAndWarning(TdsParserStateObject stateObj, Boolean callerHasConnectionLock, Boolean asyncClose)
   在 System.Data.SqlClient.TdsParser.TryRun(RunBehavior runBehavior, SqlCommand cmdHandler, SqlDataReader dataStream, BulkCopySimpleResultSet bulkCopyHandler, TdsParserStateObject stateObj, Boolean& dataReady)
   在 System.Data.SqlClient.SqlCommand.RunExecuteNonQueryTds(String methodName, Boolean async, Int32 timeout)
   在 System.Data.SqlClient.SqlCommand.InternalExecuteNonQuery(TaskCompletionSource`1 completion, String methodName, Boolean sendToPipe, Int32 timeout, Boolean asyncWrite)
   在 System.Data.SqlClient.SqlCommand.ExecuteNonQuery()
   在 IBatisNet.DataMapper.Commands.DbCommandDecorator.System.Data.IDbCommand.ExecuteNonQuery()
   在 IBatisNet.DataMapper.MappedStatements.MappedStatement.ExecuteUpdate(ISqlMapSession session, Object parameterObject)
   在 IBatisNet.DataMapper.SqlMapper.Update(String statementName, Object parameterObject)
   在 zhongxia.IBatisDAO.IIBatisDAO.ExecuteSql(String SQLString)
   在 Web.Server.AjaxHandler.CRUDHandler.Delete(HttpContext context) 位置 F:\库\Desktop\通用后台维护\SVN完整版\Web\Server\AjaxHandler\CRUDHandler.ashx.cs:行号 82
   在 Web.Server.AjaxHandler.CRUDHandler.ProcessRequest(HttpContext context) 位置 F:\库\Desktop\通用后台维护\SVN完整版\Web\Server\AjaxHandler\CRUDHandler.ashx.cs:行号 50
   在 System.Web.HttpApplication.CallHandlerExecutionStep.System.Web.HttpApplication.IExecutionStep.Execute()
   在 System.Web.HttpApplication.ExecuteStep(IExecutionStep step, Boolean& completedSynchronously)
ClientConnectionId:ccee4585-eb3a-49b1-a883-28259bce348d
************************************begin***********************************
2015-07-26 20:56:30,943 [9296] ERROR Web.Global [(null)] - 程序发生未捕获异常
System.Data.SqlClient.SqlException (0x80131904): 从数据类型 varchar 转换为 numeric 时出错。
   在 System.Data.SqlClient.SqlConnection.OnError(SqlException exception, Boolean breakConnection, Action`1 wrapCloseInAction)
   在 System.Data.SqlClient.SqlInternalConnection.OnError(SqlException exception, Boolean breakConnection, Action`1 wrapCloseInAction)
   在 System.Data.SqlClient.TdsParser.ThrowExceptionAndWarning(TdsParserStateObject stateObj, Boolean callerHasConnectionLock, Boolean asyncClose)
   在 System.Data.SqlClient.TdsParser.TryRun(RunBehavior runBehavior, SqlCommand cmdHandler, SqlDataReader dataStream, BulkCopySimpleResultSet bulkCopyHandler, TdsParserStateObject stateObj, Boolean& dataReady)
   在 System.Data.SqlClient.SqlCommand.RunExecuteNonQueryTds(String methodName, Boolean async, Int32 timeout)
   在 System.Data.SqlClient.SqlCommand.InternalExecuteNonQuery(TaskCompletionSource`1 completion, String methodName, Boolean sendToPipe, Int32 timeout, Boolean asyncWrite)
   在 System.Data.SqlClient.SqlCommand.ExecuteNonQuery()
   在 IBatisNet.DataMapper.Commands.DbCommandDecorator.System.Data.IDbCommand.ExecuteNonQuery()
   在 IBatisNet.DataMapper.MappedStatements.MappedStatement.ExecuteUpdate(ISqlMapSession session, Object parameterObject)
   在 IBatisNet.DataMapper.SqlMapper.Update(String statementName, Object parameterObject)
   在 zhongxia.IBatisDAO.IIBatisDAO.ExecuteSql(String SQLString)
   在 Web.Server.AjaxHandler.CRUDHandler.Delete(HttpContext context) 位置 F:\库\Desktop\通用后台维护\SVN完整版\Web\Server\AjaxHandler\CRUDHandler.ashx.cs:行号 82
   在 Web.Server.AjaxHandler.CRUDHandler.ProcessRequest(HttpContext context) 位置 F:\库\Desktop\通用后台维护\SVN完整版\Web\Server\AjaxHandler\CRUDHandler.ashx.cs:行号 50
   在 System.Web.HttpApplication.CallHandlerExecutionStep.System.Web.HttpApplication.IExecutionStep.Execute()
   在 System.Web.HttpApplication.ExecuteStep(IExecutionStep step, Boolean& completedSynchronously)
ClientConnectionId:ccee4585-eb3a-49b1-a883-28259bce348d
************************************begin***********************************
2015-07-26 21:00:13,801 [14416] ERROR Web.Global [(null)] - 程序发生未捕获异常
System.Data.SqlClient.SqlException (0x80131904): 从数据类型 varchar 转换为 numeric 时出错。
   在 System.Data.SqlClient.SqlConnection.OnError(SqlException exception, Boolean breakConnection, Action`1 wrapCloseInAction)
   在 System.Data.SqlClient.SqlInternalConnection.OnError(SqlException exception, Boolean breakConnection, Action`1 wrapCloseInAction)
   在 System.Data.SqlClient.TdsParser.ThrowExceptionAndWarning(TdsParserStateObject stateObj, Boolean callerHasConnectionLock, Boolean asyncClose)
   在 System.Data.SqlClient.TdsParser.TryRun(RunBehavior runBehavior, SqlCommand cmdHandler, SqlDataReader dataStream, BulkCopySimpleResultSet bulkCopyHandler, TdsParserStateObject stateObj, Boolean& dataReady)
   在 System.Data.SqlClient.SqlCommand.RunExecuteNonQueryTds(String methodName, Boolean async, Int32 timeout)
   在 System.Data.SqlClient.SqlCommand.InternalExecuteNonQuery(TaskCompletionSource`1 completion, String methodName, Boolean sendToPipe, Int32 timeout, Boolean asyncWrite)
   在 System.Data.SqlClient.SqlCommand.ExecuteNonQuery()
   在 IBatisNet.DataMapper.Commands.DbCommandDecorator.System.Data.IDbCommand.ExecuteNonQuery()
   在 IBatisNet.DataMapper.MappedStatements.MappedStatement.ExecuteUpdate(ISqlMapSession session, Object parameterObject)
   在 IBatisNet.DataMapper.SqlMapper.Update(String statementName, Object parameterObject)
   在 zhongxia.IBatisDAO.IIBatisDAO.ExecuteSql(String SQLString)
   在 Web.Server.AjaxHandler.CRUDHandler.Delete(HttpContext context) 位置 F:\库\Desktop\通用后台维护\SVN完整版\Web\Server\AjaxHandler\CRUDHandler.ashx.cs:行号 82
   在 Web.Server.AjaxHandler.CRUDHandler.ProcessRequest(HttpContext context) 位置 F:\库\Desktop\通用后台维护\SVN完整版\Web\Server\AjaxHandler\CRUDHandler.ashx.cs:行号 50
   在 System.Web.HttpApplication.CallHandlerExecutionStep.System.Web.HttpApplication.IExecutionStep.Execute()
   在 System.Web.HttpApplication.ExecuteStep(IExecutionStep step, Boolean& completedSynchronously)
ClientConnectionId:ecdb2ccc-d562-436e-89d0-5c237c499d82
************************************begin***********************************
2015-07-26 21:00:34,516 [14416] ERROR Web.Global [(null)] - 程序发生未捕获异常
System.Data.SqlClient.SqlException (0x80131904): 从数据类型 varchar 转换为 numeric 时出错。
   在 System.Data.SqlClient.SqlConnection.OnError(SqlException exception, Boolean breakConnection, Action`1 wrapCloseInAction)
   在 System.Data.SqlClient.SqlInternalConnection.OnError(SqlException exception, Boolean breakConnection, Action`1 wrapCloseInAction)
   在 System.Data.SqlClient.TdsParser.ThrowExceptionAndWarning(TdsParserStateObject stateObj, Boolean callerHasConnectionLock, Boolean asyncClose)
   在 System.Data.SqlClient.TdsParser.TryRun(RunBehavior runBehavior, SqlCommand cmdHandler, SqlDataReader dataStream, BulkCopySimpleResultSet bulkCopyHandler, TdsParserStateObject stateObj, Boolean& dataReady)
   在 System.Data.SqlClient.SqlCommand.RunExecuteNonQueryTds(String methodName, Boolean async, Int32 timeout)
   在 System.Data.SqlClient.SqlCommand.InternalExecuteNonQuery(TaskCompletionSource`1 completion, String methodName, Boolean sendToPipe, Int32 timeout, Boolean asyncWrite)
   在 System.Data.SqlClient.SqlCommand.ExecuteNonQuery()
   在 IBatisNet.DataMapper.Commands.DbCommandDecorator.System.Data.IDbCommand.ExecuteNonQuery()
   在 IBatisNet.DataMapper.MappedStatements.MappedStatement.ExecuteUpdate(ISqlMapSession session, Object parameterObject)
   在 IBatisNet.DataMapper.SqlMapper.Update(String statementName, Object parameterObject)
   在 zhongxia.IBatisDAO.IIBatisDAO.ExecuteSql(String SQLString)
   在 Web.Server.AjaxHandler.CRUDHandler.Delete(HttpContext context) 位置 F:\库\Desktop\通用后台维护\SVN完整版\Web\Server\AjaxHandler\CRUDHandler.ashx.cs:行号 82
   在 Web.Server.AjaxHandler.CRUDHandler.ProcessRequest(HttpContext context) 位置 F:\库\Desktop\通用后台维护\SVN完整版\Web\Server\AjaxHandler\CRUDHandler.ashx.cs:行号 50
   在 System.Web.HttpApplication.CallHandlerExecutionStep.System.Web.HttpApplication.IExecutionStep.Execute()
   在 System.Web.HttpApplication.ExecuteStep(IExecutionStep step, Boolean& completedSynchronously)
ClientConnectionId:e10258e7-78b9-4f00-9f7b-b0c3a1342d9d
************************************begin***********************************
2015-07-26 22:11:53,177 [9432] ERROR Web.Global [(null)] - 程序发生未捕获异常
System.Web.HttpException (0x80004005): 文件不存在。
   在 System.Web.StaticFileHandler.GetFileInfo(String virtualPathWithPathInfo, String physicalPath, HttpResponse response)
   在 System.Web.StaticFileHandler.ProcessRequestInternal(HttpContext context, String overrideVirtualPath)
   在 System.Web.DefaultHttpHandler.BeginProcessRequest(HttpContext context, AsyncCallback callback, Object state)
   在 System.Web.HttpApplication.CallHandlerExecutionStep.System.Web.HttpApplication.IExecutionStep.Execute()
   在 System.Web.HttpApplication.ExecuteStep(IExecutionStep step, Boolean& completedSynchronously)
